Arguments: 
  /home/miguel/.nvm/versions/node/v7.10.1/bin/node /usr/share/yarn/bin/yarn.js server

PATH: 
  /home/miguel/.nvm/versions/node/v7.10.1/lib/node_modules/npm/bin/node-gyp-bin:/home/miguel/Dev/Nextjs/actitudfem/node_modules/.bin:/home/miguel/Android/Sdk/platform-tools:/home/miguel/.nvm/versions/node/v7.10.1/bin:/home/miguel/Android/Sdk/platform-tools:/home/miguel/bin:/home/miguel/.local/bin:/usr/local/sbin:/usr/local/bin:/usr/sbin:/usr/bin:/sbin:/bin:/usr/games:/usr/local/games:/opt/lampp/bin:/opt/lampp/bin

Yarn version: 
  1.5.1

Node version: 
  7.10.1

Platform: 
  linux x64

npm manifest: 
  {
    "name": "actitudfem",
    "version": "1.0.0",
    "description": "",
    "main": "index.js",
    "scripts": {
      "dev": "next",
      "build": "next build",
      "start": "next start",
      "server": "nodemon server.js",
      "both": "concurrently --kill-others-on-fail \"yarn server\" \"yarn dev\""
    },
    "author": "",
    "license": "ISC",
    "dependencies": {
      "axios": "^0.18.0",
      "cors": "^2.8.4",
      "express": "^4.16.3",
      "isomorphic-unfetch": "^2.0.0",
      "next": "^5.0.0",
      "react": "^16.2.0",
      "react-dom": "^16.2.0"
    }
  }

yarn manifest: 
  No manifest

Lockfile: 
  No lockfile

Trace: 
  Error: Command failed.
  Exit code: 127
  Command: sh
  Arguments: -c nodemon server.js
  Directory: /home/miguel/Dev/Nextjs/actitudfem
  Output:
  
      at ProcessTermError.MessageError (/usr/share/yarn/lib/cli.js:186:110)
      at new ProcessTermError (/usr/share/yarn/lib/cli.js:226:113)
      at ChildProcess.<anonymous> (/usr/share/yarn/lib/cli.js:30281:17)
      at emitTwo (events.js:106:13)
      at ChildProcess.emit (events.js:194:7)
      at maybeClose (internal/child_process.js:899:16)
      at Process.ChildProcess._handle.onexit (internal/child_process.js:226:5)
